[debug] [2022-06-29T18:43:29.608Z] ----------------------------------------------------------------------
[debug] [2022-06-29T18:43:29.609Z] Command:       /Users/dillonbarnes/.nvm/versions/node/v16.14.2/bin/node /Users/dillonbarnes/.nvm/versions/node/v17.4.0/bin/firebase init
[debug] [2022-06-29T18:43:29.610Z] CLI Version:   11.1.0
[debug] [2022-06-29T18:43:29.610Z] Platform:      darwin
[debug] [2022-06-29T18:43:29.610Z] Node Version:  v16.14.2
[debug] [2022-06-29T18:43:29.611Z] Time:          Wed Jun 29 2022 19:43:29 GMT+0100 (British Summer Time)
[debug] [2022-06-29T18:43:29.611Z] ----------------------------------------------------------------------
[debug] 
[debug] [2022-06-29T18:43:29.617Z] > command requires scopes: ["email","openid","https://www.googleapis.com/auth/cloudplatformprojects.readonly","https://www.googleapis.com/auth/firebase","https://www.googleapis.com/auth/cloud-platform"]
[debug] [2022-06-29T18:43:29.618Z] > authorizing via signed-in user (dillonb07dev@gmail.com)
[info] 
     ######## #### ########  ######## ########     ###     ######  ########
     ##        ##  ##     ## ##       ##     ##  ##   ##  ##       ##
     ######    ##  ########  ######   ########  #########  ######  ######
     ##        ##  ##    ##  ##       ##     ## ##     ##       ## ##
     ##       #### ##     ## ######## ########  ##     ##  ######  ########

You're about to initialize a Firebase project in this directory:

  /Users/dillonbarnes/Documents/Coding/React-Native/signal-clone

[info] 
=== Project Setup
[info] 
[info] First, let's associate this project directory with a Firebase project.
[info] You can create multiple project aliases by running firebase use --add, 
[info] but for now we'll just set up a default project.
[info] 
[debug] [2022-06-29T18:44:08.959Z] >>> [apiv2][query] GET https://firebase.googleapis.com/v1beta1/projects pageSize=100
[debug] [2022-06-29T18:44:09.555Z] <<< [apiv2][status] GET https://firebase.googleapis.com/v1beta1/projects 200
[debug] [2022-06-29T18:44:09.555Z] <<< [apiv2][body] GET https://firebase.googleapis.com/v1beta1/projects [omitted]
[info] i  Using project signal-clone-ec433 (signal-clone) 
[info] 
=== Hosting Setup
[info] 
[info] Your public directory is the folder (relative to your project directory) that
[info] will contain Hosting assets to be uploaded with firebase deploy. If you
[info] have a build process for your assets, use your build's output directory.
[info] 
[debug] [2022-06-29T18:44:43.270Z] >>> [apiv2][query] GET https://www.gstatic.com/firebasejs/releases.json [none]
[debug] [2022-06-29T18:44:43.607Z] <<< [apiv2][status] GET https://www.gstatic.com/firebasejs/releases.json 200
[debug] [2022-06-29T18:44:43.607Z] <<< [apiv2][body] GET https://www.gstatic.com/firebasejs/releases.json {"current":{"version":"9.8.4","browserURL":"https://www.gstatic.com/firebasejs/9.8.4/firebase.js","packageURL":"https://www.gstatic.com/firebasejs/9.8.4/firebase.tgz"},"live":{"version":"9.8","browserURL":"https://www.gstatic.com/firebasejs/live/9.8/firebase.js","packageURL":"https://www.gstatic.com/firebasejs/live/9.8/firebase.tgz"},"components":{"analytics":"https://www.gstatic.com/firebasejs/9.8.4/firebase-analytics.js","app":"https://www.gstatic.com/firebasejs/9.8.4/firebase-app.js","app-check":"https://www.gstatic.com/firebasejs/9.8.4/firebase-app-check.js","auth":"https://www.gstatic.com/firebasejs/9.8.4/firebase-auth.js","auth/cordova":"https://www.gstatic.com/firebasejs/9.8.4/firebase-auth/cordova.js","auth/react-native":"https://www.gstatic.com/firebasejs/9.8.4/firebase-auth/react-native.js","functions":"https://www.gstatic.com/firebasejs/9.8.4/firebase-functions.js","firestore":"https://www.gstatic.com/firebasejs/9.8.4/firebase-firestore.js","firestore/lite":"https://www.gstatic.com/firebasejs/9.8.4/firebase-firestore/lite.js","storage":"https://www.gstatic.com/firebasejs/9.8.4/firebase-storage.js","performance":"https://www.gstatic.com/firebasejs/9.8.4/firebase-performance.js","remote-config":"https://www.gstatic.com/firebasejs/9.8.4/firebase-remote-config.js","messaging":"https://www.gstatic.com/firebasejs/9.8.4/firebase-messaging.js","messaging/sw":"https://www.gstatic.com/firebasejs/9.8.4/firebase-messaging/sw.js","database":"https://www.gstatic.com/firebasejs/9.8.4/firebase-database.js","firestore.memory":"https://www.gstatic.com/firebasejs/9.8.4/firebase-firestore.memory.js"}}
[info] ✔  Wrote web-build/index.html 
[info] 
[info] i  Detected a .git folder at /Users/dillonbarnes/Documents/Coding/React-Native/signal-clone 
[info] i  Authorizing with GitHub to upload your service account to a GitHub repository's secrets store. 
[info] 
[info] Visit this URL on this device to log in:
[info] https://github.com/login/oauth/authorize?client_id=89cf50f02ac6aaed3484&state=40398175&redirect_uri=http%3A%2F%2Flocalhost%3A9005&scope=read%3Auser%20repo%20public_repo
[info] 
[info] Waiting for authentication...
[debug] [2022-06-29T18:44:53.855Z] >>> [apiv2][query] POST https://github.com/login/oauth/access_token [none]
[debug] [2022-06-29T18:44:53.855Z] >>> [apiv2][body] POST https://github.com/login/oauth/access_token [stream]
[debug] [2022-06-29T18:44:54.527Z] <<< [apiv2][status] POST https://github.com/login/oauth/access_token 200
[debug] [2022-06-29T18:44:54.527Z] <<< [apiv2][body] POST https://github.com/login/oauth/access_token {"access_token":"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","token_type":"bearer","scope":"read:user,repo"}
[debug] [2022-06-29T18:44:54.546Z] >>> [apiv2][query] GET https://api.github.com/user [none]
[debug] [2022-06-29T18:44:55.083Z] <<< [apiv2][status] GET https://api.github.com/user 200
[debug] [2022-06-29T18:44:55.083Z] <<< [apiv2][body] GET https://api.github.com/user {"login":"DillonB07","id":83948303,"node_id":"MDQ6VXNlcjgzOTQ4MzAz","avatar_url":"https://avatars.githubusercontent.com/u/83948303?v=4","gravatar_id":"","url":"https://api.github.com/users/DillonB07","html_url":"https://github.com/DillonB07","followers_url":"https://api.github.com/users/DillonB07/followers","following_url":"https://api.github.com/users/DillonB07/following{/other_user}","gists_url":"https://api.github.com/users/DillonB07/gists{/gist_id}","starred_url":"https://api.github.com/users/DillonB07/starred{/owner}{/repo}","subscriptions_url":"https://api.github.com/users/DillonB07/subscriptions","organizations_url":"https://api.github.com/users/DillonB07/orgs","repos_url":"https://api.github.com/users/DillonB07/repos","events_url":"https://api.github.com/users/DillonB07/events{/privacy}","received_events_url":"https://api.github.com/users/DillonB07/received_events","type":"User","site_admin":false,"name":"Dillon Barnes","company":"Replit Coder | Hobby Coder","blog":"https://dillonb07.is-a.dev","location":"GMT, Leicester","email":"dillonb07dev@gmail.com","hireable":null,"bio":"An aspiring web developer who likes making weird and useless projects","twitter_username":"DillonB07Dev","public_repos":48,"public_gists":0,"followers":14,"following":25,"created_at":"2021-05-10T08:25:53Z","updated_at":"2022-06-27T10:44:44Z","private_gists":10,"total_private_repos":14,"owned_private_repos":14,"disk_usage":2319984,"collaborators":0,"two_factor_authentication":false,"plan":{"name":"pro","space":976562499,"collaborators":0,"private_repos":9999}}
[info] 
[info] ✔  Success! Logged into GitHub as DillonB07 
[info] 
[debug] [2022-06-29T18:47:17.252Z] >>> [apiv2][query] GET https://api.github.com/repos/DillonB07/signal-clone/actions/secrets/public-key type=owner
[debug] [2022-06-29T18:47:17.659Z] <<< [apiv2][status] GET https://api.github.com/repos/DillonB07/signal-clone/actions/secrets/public-key 401
[debug] [2022-06-29T18:47:17.660Z] <<< [apiv2][body] GET https://api.github.com/repos/DillonB07/signal-clone/actions/secrets/public-key {"message":"Bad credentials","documentation_url":"https://docs.github.com/rest"}
